<?xml version="1.0" encoding="UTF-8"?>
<!-- Generated by org.testng.reporters.JUnitXMLReporter -->
<testsuite ignored="0" hostname="DESKTOP-9PJDR45" failures="0" tests="6" name="Default test" time="0.136" errors="0" timestamp="2021-07-24T04:43:54 IST">
  <testcase classname="test.day3" name="LoginApi" time="0.017"/>
  <testcase classname="test.day3" name="MobileLogin" time="0.003"/>
  <testcase classname="test.day3" name="MobileSignOut" time="0.003"/>
  <testcase classname="test.day3" name="MobileSignOut" time="0.001"/>
  <testcase classname="test.day3" name="MobileSignOut" time="0.002"/>
  <testcase classname="test.day3" name="WebLogin" time="0.007"/>
</testsuite> <!-- Default test -->
