<?xml version="1.0" encoding="UTF-8"?>
<!-- Generated by org.testng.reporters.JUnitXMLReporter -->
<testsuite ignored="1" hostname="DESKTOP-9PJDR45" failures="0" tests="2" name="Car loan" time="0.016" errors="0" timestamp="2021-07-23T17:13:37 IST">
  <testcase classname="test.day3" name="LoginApi" time="0.002"/>
  <testcase classname="test.day3" name="WebLogin" time="0.002"/>
  <testcase classname="test.day3" name="MobileLogin" time="0.0">
    <ignored/>
  </testcase> <!-- MobileLogin -->
</testsuite> <!-- Car loan -->
