<?xml version="1.0" encoding="UTF-8"?>
<!-- Generated by org.testng.reporters.JUnitXMLReporter -->
<testsuite ignored="2" hostname="DESKTOP-9PJDR45" failures="0" tests="4" name="Personal loan" time="0.075" errors="0" timestamp="2021-07-23T17:13:37 IST">
  <testcase classname="test.day1" name="Demo" time="0.008"/>
  <testcase classname="test.day1" name="SecondTest" time="0.002"/>
  <testcase classname="test.day2" name="thirdTest" time="0.002"/>
  <testcase classname="test.day4" name="LoginApiHomeLoan" time="0.004"/>
  <testcase classname="test.day4" name="MobileLoginHomeLoan" time="0.0">
    <ignored/>
  </testcase> <!-- MobileLoginHomeLoan -->
  <testcase classname="test.day4" name="WebLoginHomeLoan" time="0.0">
    <ignored/>
  </testcase> <!-- WebLoginHomeLoan -->
</testsuite> <!-- Personal loan -->
