<?xml version="1.0" encoding="UTF-8"?>
<!-- Generated by org.testng.reporters.JUnitXMLReporter -->
<testsuite ignored="0" hostname="DESKTOP-9PJDR45" failures="0" tests="6" name="Car loan" time="0.037" errors="0" timestamp="2021-07-24T05:10:34 IST">
  <testcase classname="test.day3" name="LoginApi" time="0.003"/>
  <testcase classname="test.day3" name="MobileLogin" time="0.002"/>
  <testcase classname="test.day3" name="MobileSignOut" time="0.003"/>
  <testcase classname="test.day3" name="MobileSignOut" time="0.002"/>
  <testcase classname="test.day3" name="MobileSignOut" time="0.003"/>
  <testcase classname="test.day3" name="WebLogin" time="0.002"/>
</testsuite> <!-- Car loan -->
