<?xml version="1.0" encoding="UTF-8"?>
<!-- Generated by org.testng.reporters.JUnitXMLReporter -->
<testsuite ignored="0" hostname="DESKTOP-9PJDR45" failures="0" tests="6" name="Personal loan" time="0.113" errors="0" timestamp="2021-07-24T05:10:34 IST">
  <testcase classname="test.day1" name="Demo" time="0.008"/>
  <testcase classname="test.day1" name="SecondTest" time="0.004"/>
  <testcase classname="test.day2" name="thirdTest" time="0.002"/>
  <testcase classname="test.day4" name="LoginApiHomeLoan" time="0.005"/>
  <testcase classname="test.day4" name="MobileLoginHomeLoan" time="0.013"/>
  <testcase classname="test.day4" name="WebLoginHomeLoan" time="0.002"/>
</testsuite> <!-- Personal loan -->
